<?xml version="1.0" encoding="utf-8"?><testsuites name="pytest tests"><testsuite name="pytest" errors="0" failures="0" skipped="0" tests="17" time="5.090" timestamp="2026-07-28T11:14:04.342256-04:00" hostname="GreatFox"><testcase classname="tests.test_auth_api" name="test_every_api_route_refuses_an_unauthenticated_request" time="2.243" /><testcase classname="tests.test_auth_api" name="test_no_route_outside_api_is_left_open_either" time="0.071" /><testcase classname="tests.test_auth_api" name="test_the_api_schema_is_not_public" time="0.061" /><testcase classname="tests.test_auth_api" name="test_the_guard_runs_before_body_validation" time="0.023" /><testcase classname="tests.test_auth_api" name="test_the_guard_runs_before_the_database_is_opened" time="0.025" /><testcase classname="tests.test_auth_api" name="test_the_right_passphrase_opens_the_cockpit" time="0.096" /><testcase classname="tests.test_auth_api" name="test_the_session_cookie_is_httponly_and_samesite" time="0.085" /><testcase classname="tests.test_auth_api" name="test_the_cookie_is_marked_secure_behind_an_https_proxy" time="0.159" /><testcase classname="tests.test_auth_api" name="test_a_wrong_passphrase_is_refused_and_never_echoed" time="0.089" /><testcase classname="tests.test_auth_api" name="test_logout_ends_the_session" time="0.098" /><testcase classname="tests.test_auth_api" name="test_a_forged_cookie_does_not_open_anything" time="0.023" /><testcase classname="tests.test_auth_api" name="test_status_reports_whether_auth_is_required_and_met" time="0.111" /><testcase classname="tests.test_auth_api" name="test_status_never_reveals_the_passphrase" time="0.022" /><testcase classname="tests.test_auth_api" name="test_without_a_token_every_route_stays_open" time="0.357" /><testcase classname="tests.test_auth_api" name="test_logging_in_is_refused_when_no_passphrase_is_configured" time="0.024" /><testcase classname="tests.test_auth_api" name="test_repeated_wrong_guesses_are_locked_out" time="0.346" /><testcase classname="tests.test_auth_api" name="test_api_responses_carry_no_store" time="0.096" /></testsuite></testsuites>