<?xml version="1.0" encoding="utf-8"?><testsuites name="pytest tests"><testsuite name="pytest" errors="0" failures="1" skipped="29" tests="732" time="121.946" timestamp="2026-07-28T11:14:32.652420-04:00" hostname="GreatFox"><testcase classname="tests.test_agent_contract" name="test_agents_md_fits_antigravity_rule_limit" time="0.001" /><testcase classname="tests.test_agent_contract" name="test_antigravity_rule_exists_and_fits_the_limit" time="0.001" /><testcase classname="tests.test_agent_contract" name="test_non_negotiables_do_not_drift_between_the_two_rule_files" time="0.001" /><testcase classname="tests.test_agent_contract" name="test_gemini_cli_is_pointed_at_agents_md" time="0.001" /><testcase classname="tests.test_agent_contract" name="test_the_non_negotiables_still_say_the_non_negotiable_things" time="0.001" /><testcase classname="tests.test_agent_contract" name="test_gitignore_keeps_the_agent_rule_files_tracked" time="0.000" /><testcase classname="tests.test_agent_contract" name="test_gemini_assistant_action_is_pinned_to_a_version_that_exists" time="0.001" /><testcase classname="tests.test_agent_contract" name="test_claude_md_imports_agents_md_without_restating_it" time="0.001" /><testcase classname="tests.test_api" name="test_cohort_payload_byte_identical_to_report_json" time="2.885" /><testcase classname="tests.test_api" name="test_driver_payload_byte_identical_to_report_json" time="0.296" /><testcase classname="tests.test_api" name="test_cohorts_and_corners" time="0.009" /><testcase classname="tests.test_api" name="test_track_trace_downsampled" time="0.005" /><testcase classname="tests.test_api" name="test_laps_listing" time="0.005" /><testcase classname="tests.test_api" name="test_metric_distribution_mirrors_db" time="0.006" /><testcase classname="tests.test_api" name="test_unmeasured_metric_is_404_not_fabrication" time="0.006" /><testcase classname="tests.test_api" name="test_annotate_effect_identical_to_db_path" time="1.104" /><testcase classname="tests.test_api" name="test_clear_annotation_is_reversible" time="0.514" /><testcase classname="tests.test_api" name="test_config_propose_stages_nothing_apply_writes" time="0.015" /><testcase classname="tests.test_api" name="test_config_apply_then_revert_from_ui" time="0.037" /><testcase classname="tests.test_attribution" name="test_derive_windows_takes_medians" time="0.001" /><testcase classname="tests.test_attribution" name="test_derive_windows_handles_start_finish_seam" time="0.001" /><testcase classname="tests.test_attribution" name="test_time_at_wraps_positions_before_lap_start" time="0.000" /><testcase classname="tests.test_attribution" name="test_phase_times_measure_fixed_spans" time="0.000" /><testcase classname="tests.test_attribution" name="test_outlier_screening_and_robust_baseline" time="0.001" /><testcase classname="tests.test_attribution" name="test_baseline_single_sample" time="0.000" /><testcase classname="tests.test_attribution" name="test_later_braking_shows_less_time_in_fixed_entry_window" time="0.021" /><testcase classname="tests.test_attribution" name="test_vs_self_finds_the_planted_weakness" time="0.140" /><testcase classname="tests.test_attribution" name="test_vs_self_opportunity_ignores_one_incident_lap" time="0.155" /><testcase classname="tests.test_attribution" name="test_stint_only_variation_yields_zero_shown_findings" time="0.135" /><testcase classname="tests.test_attribution" name="test_gates_suppress_small_samples" time="0.052" /><testcase classname="tests.test_attribution" name="test_reference_import_perturbs_gap_sections_only" time="0.151" /><testcase classname="tests.test_auth" name="test_password_hashing" time="0.173" /><testcase classname="tests.test_auth" name="test_verify_password_rejects_malformed_hashes" time="0.058" /><testcase classname="tests.test_auth" name="test_a_freshly_issued_session_verifies" time="0.000" /><testcase classname="tests.test_auth" name="test_a_session_expires" time="0.000" /><testcase classname="tests.test_auth" name="test_a_session_signed_with_a_different_secret_is_rejected" time="0.000" /><testcase classname="tests.test_auth" name="test_a_tampered_payload_is_rejected" time="0.000" /><testcase classname="tests.test_auth" name="test_a_tampered_signature_is_rejected" time="0.000" /><testcase classname="tests.test_auth" name="test_a_malformed_session_is_rejected_and_never_raises[]" time="0.000" /><testcase classname="tests.test_auth" name="test_a_malformed_session_is_rejected_and_never_raises[.]" time="0.000" /><testcase classname="tests.test_auth" name="test_a_malformed_session_is_rejected_and_never_raises[nodot]" time="0.000" /><testcase classname="tests.test_auth" name="test_a_malformed_session_is_rejected_and_never_raises[too.many.dots]" time="0.000" /><testcase classname="tests.test_auth" name="test_a_malformed_session_is_rejected_and_never_raises[!!!.!!!]" time="0.000" /><testcase classname="tests.test_auth" name="test_a_malformed_session_is_rejected_and_never_raises[aGk.]" time="0.000" /><testcase classname="tests.test_auth" name="test_a_malformed_session_is_rejected_and_never_raises[.aGk]" time="0.000" /><testcase classname="tests.test_auth" name="test_a_malformed_session_is_rejected_and_never_raises[bm90LWEtbnVtYmVy.aGk]" time="0.000" /><testcase classname="tests.test_auth" name="test_two_sessions_issued_in_the_same_second_are_identical" time="0.000" /><testcase classname="tests.test_auth" name="test_session_secret_from_env_reads_the_documented_variable" time="0.000" /><testcase classname="tests.test_auth" name="test_an_unset_or_blank_variable_means_secret_is_not_configured" time="0.000" /><testcase classname="tests.test_auth" name="test_a_run_of_failures_locks_further_attempts" time="0.000" /><testcase classname="tests.test_auth" name="test_a_lockout_expires" time="0.000" /><testcase classname="tests.test_auth" name="test_a_lockout_is_per_key" time="0.000" /><testcase classname="tests.test_auth" name="test_a_successful_login_clears_the_record" time="0.000" /><testcase classname="tests.test_auth" name="test_the_throttle_does_not_grow_without_bound" time="0.013" /><testcase classname="tests.test_auth_api" name="test_every_api_route_refuses_an_unauthenticated_request" time="2.170" /><testcase classname="tests.test_auth_api" name="test_no_route_outside_api_is_left_open_either" time="0.072" /><testcase classname="tests.test_auth_api" name="test_the_api_schema_is_not_public" time="0.067" /><testcase classname="tests.test_auth_api" name="test_the_guard_runs_before_body_validation" time="0.079" /><testcase classname="tests.test_auth_api" name="test_the_guard_runs_before_the_database_is_opened" time="0.025" /><testcase classname="tests.test_auth_api" name="test_the_right_passphrase_opens_the_cockpit" time="0.106" /><testcase classname="tests.test_auth_api" name="test_the_session_cookie_is_httponly_and_samesite" time="0.088" /><testcase classname="tests.test_auth_api" name="test_the_cookie_is_marked_secure_behind_an_https_proxy" time="0.150" /><testcase classname="tests.test_auth_api" name="test_a_wrong_passphrase_is_refused_and_never_echoed" time="0.087" /><testcase classname="tests.test_auth_api" name="test_logout_ends_the_session" time="0.102" /><testcase classname="tests.test_auth_api" name="test_a_forged_cookie_does_not_open_anything" time="0.023" /><testcase classname="tests.test_auth_api" name="test_status_reports_whether_auth_is_required_and_met" time="0.112" /><testcase classname="tests.test_auth_api" name="test_status_never_reveals_the_passphrase" time="0.029" /><testcase classname="tests.test_auth_api" name="test_without_a_token_every_route_stays_open" time="0.372" /><testcase classname="tests.test_auth_api" name="test_logging_in_is_refused_when_no_passphrase_is_configured" time="0.022" /><testcase classname="tests.test_auth_api" name="test_repeated_wrong_guesses_are_locked_out" time="0.333" /><testcase classname="tests.test_auth_api" name="test_api_responses_carry_no_store" time="0.096" /><testcase classname="tests.test_auth_cli" name="test_loopback_addresses_are_recognised[127.0.0.1]" time="0.001" /><testcase classname="tests.test_auth_cli" name="test_loopback_addresses_are_recognised[127.0.0.5]" time="0.000" /><testcase classname="tests.test_auth_cli" name="test_loopback_addresses_are_recognised[::1]" time="0.000" /><testcase classname="tests.test_auth_cli" name="test_loopback_addresses_are_recognised[localhost]" time="0.000" /><testcase classname="tests.test_auth_cli" name="test_routable_addresses_are_not_loopback[0.0.0.0]" time="0.000" /><testcase classname="tests.test_auth_cli" name="test_routable_addresses_are_not_loopback[192.168.1.5]" time="0.000" /><testcase classname="tests.test_auth_cli" name="test_routable_addresses_are_not_loopback[::]" time="0.001" /><testcase classname="tests.test_auth_cli" name="test_routable_addresses_are_not_loopback[10.0.0.1]" time="0.000" /><testcase classname="tests.test_auth_cli" name="test_an_unresolvable_host_fails_closed" time="0.000" /><testcase classname="tests.test_auth_cli" name="test_binding_a_routable_address_without_a_passphrase_is_refused" time="0.033" /><testcase classname="tests.test_auth_cli" name="test_the_refusal_happens_before_a_server_is_started" time="0.004" /><testcase classname="tests.test_auth_cli" name="test_a_routable_address_with_a_passphrase_is_allowed" time="0.024" /><testcase classname="tests.test_auth_cli" name="test_loopback_still_needs_no_passphrase" time="0.022" /><testcase classname="tests.test_auth_cli" name="test_a_blank_passphrase_does_not_satisfy_the_interlock" time="0.005" /><testcase classname="tests.test_auth_cli" name="test_the_passphrase_is_never_printed" time="0.027" /><testcase classname="tests.test_auth_ui" name="test_an_unconfigured_cockpit_shows_no_gate_at_all" time="0.000"><skipped type="pytest.skip" message="Chromium binary or built SPA not present">C:\Users\benja\driverdna\tests\test_auth_ui.py:125: Chromium binary or built SPA not present</skipped></testcase><testcase classname="tests.test_auth_ui" name="test_a_locked_cockpit_shows_a_sign_in_not_an_error" time="0.000"><skipped type="pytest.skip" message="Chromium binary or built SPA not present">C:\Users\benja\driverdna\tests\test_auth_ui.py:140: Chromium binary or built SPA not present</skipped></testcase><testcase classname="tests.test_auth_ui" name="test_the_right_passphrase_opens_the_cockpit" time="0.000"><skipped type="pytest.skip" message="Chromium binary or built SPA not present">C:\Users\benja\driverdna\tests\test_auth_ui.py:157: Chromium binary or built SPA not present</skipped></testcase><testcase classname="tests.test_auth_ui" name="test_a_wrong_passphrase_says_so_and_stays_locked" time="0.000"><skipped type="pytest.skip" message="Chromium binary or built SPA not present">C:\Users\benja\driverdna\tests\test_auth_ui.py:171: Chromium binary or built SPA not present</skipped></testcase><testcase classname="tests.test_auth_ui" name="test_signing_out_returns_to_the_gate" time="0.000"><skipped type="pytest.skip" message="Chromium binary or built SPA not present">C:\Users\benja\driverdna\tests\test_auth_ui.py:185: Chromium binary or built SPA not present</skipped></testcase><testcase classname="tests.test_auth_ui" name="test_the_passphrase_is_not_readable_from_javascript" time="0.000"><skipped type="pytest.skip" message="Chromium binary or built SPA not present">C:\Users\benja\driverdna\tests\test_auth_ui.py:201: Chromium binary or built SPA not present</skipped></testcase><testcase classname="tests.test_auth_ui" name="test_the_gate_makes_no_third_party_requests" time="0.000"><skipped type="pytest.skip" message="Chromium binary or built SPA not present">C:\Users\benja\driverdna\tests\test_auth_ui.py:218: Chromium binary or built SPA not present</skipped></testcase><testcase classname="tests.test_blobs" name="test_store_round_trip[&lt;lambda&gt;0]" time="0.002" /><testcase classname="tests.test_blobs" name="test_store_round_trip[&lt;lambda&gt;1]" time="0.005" /><testcase classname="tests.test_blobs" name="test_eviction_tombstones_round_trip[&lt;lambda&gt;0]" time="0.002" /><testcase classname="tests.test_blobs" name="test_eviction_tombstones_round_trip[&lt;lambda&gt;1]" time="0.006" /><testcase classname="tests.test_blobs" name="test_file_store_tombstone_does_not_collide_with_blob_names" time="0.003" /><testcase classname="tests.test_blobs" name="test_file_store_leaves_no_temp_files" time="0.003" /><testcase classname="tests.test_blobs" name="test_file_store_ignores_foreign_files" time="0.004" /><testcase classname="tests.test_blobs" name="test_directory_created_lazily" time="0.003" /><testcase classname="tests.test_blobs" name="test_blob_root_is_per_database" time="0.002" /><testcase classname="tests.test_blobs" name="test_memory_database_gets_a_memory_store" time="0.000" /><testcase classname="tests.test_blobs" name="test_remote_url_keys_off_database_name" time="0.002" /><testcase classname="tests.test_blobs" name="test_env_var_overrides" time="0.002" /><testcase classname="tests.test_blobs" name="test_import_writes_blob_to_disk_not_the_database" time="0.161" /><testcase classname="tests.test_blobs" name="test_old_database_still_reads_its_blobs_before_draining" time="0.301"><failure message="assert 10 == 9&#10; +  where 10 = &lt;driverdna.db.Database object at 0x0000019EFE99F380&gt;.schema_version">tests\test_blobs.py:218: in test_old_database_still_reads_its_blobs_before_draining
    assert db.schema_version == 9  # all migrations applied on open
    ^^^^^^^^^^^^^^^^^^^^^^^^^^^^^
E   assert 10 == 9
E    +  where 10 = &lt;driverdna.db.Database object at 0x0000019EFE99F380&gt;.schema_version</failure></testcase><testcase classname="tests.test_blobs" name="test_draining_is_lossless_and_idempotent" time="0.312" /><testcase classname="tests.test_blobs" name="test_drain_on_a_fresh_database_is_a_noop" time="0.118" /><testcase classname="tests.test_chat" name="test_unknown_evidence_id_rejected_then_regenerated" time="0.170" /><testcase classname="tests.test_chat" name="test_double_violation_surfaces_error_not_response" time="0.156" /><testcase classname="tests.test_chat" name="test_numbers_from_tool_results_are_allowed" time="0.156" /><testcase classname="tests.test_chat" name="test_unmeasured_metric_tool_says_not_measured" time="0.153" /><testcase classname="tests.test_chat" name="test_unconfirmed_proposal_changes_nothing" time="0.154" /><testcase classname="tests.test_chat" name="test_confirmed_proposal_applies_and_is_reversible" time="0.160" /><testcase classname="tests.test_chat" name="test_invalid_proposal_is_an_error_not_a_stage" time="0.164" /><testcase classname="tests.test_chat" name="test_annotation_suppresses_priority_framing_not_data" time="0.198" /><testcase classname="tests.test_chat" name="test_bundle_is_deterministic_and_carries_state" time="0.171" /><testcase classname="tests.test_chat" name="test_bundle_carries_coaching_section" time="0.155" /><testcase classname="tests.test_chat" name="test_unknown_coaching_principle_rejected_then_regenerated" time="0.155" /><testcase classname="tests.test_chat" name="test_no_signal_principle_with_percentage_rejected" time="0.158" /><testcase classname="tests.test_chat" name="test_no_signal_principle_double_violation_surfaces_error" time="0.156" /><testcase classname="tests.test_chat" name="test_transcript_records_bundle_version_evidence_effects" time="0.173" /><testcase classname="tests.test_chat_api" name="test_create_session_without_provider_returns_503" time="2.097" /><testcase classname="tests.test_chat_api" name="test_create_session_unknown_cohort_404s" time="2.164" /><testcase classname="tests.test_chat_api" name="test_message_streams_thinking_then_response" time="2.498" /><testcase classname="tests.test_chat_api" name="test_message_surfaces_tool_calls_as_consulting_tool_events" time="2.377" /><testcase classname="tests.test_chat_api" name="test_message_rejected_twice_yields_error_event_not_partial_text" time="2.323" /><testcase classname="tests.test_chat_api" name="test_messages_unknown_session_404s" time="2.138" /><testcase classname="tests.test_chat_api" name="test_confirm_applies_staged_proposal_and_is_reversible" time="2.306" /><testcase classname="tests.test_chat_api" name="test_confirm_unknown_index_404s" time="2.341" /><testcase classname="tests.test_chat_api" name="test_sessions_are_bounded_and_evicted_oldest_first" time="2.716" /><testcase classname="tests.test_chat_api" name="test_idle_sessions_expire" time="2.544" /><testcase classname="tests.test_chat_api" name="test_an_active_session_is_not_evicted_by_age" time="2.717" /><testcase classname="tests.test_classify" name="test_raw_bands[89.9-slow]" time="0.001" /><testcase classname="tests.test_classify" name="test_raw_bands[90.0-medium]" time="0.000" /><testcase classname="tests.test_classify" name="test_raw_bands[149.9-medium]" time="0.000" /><testcase classname="tests.test_classify" name="test_raw_bands[150.0-fast]" time="0.000" /><testcase classname="tests.test_classify" name="test_first_assignment_is_raw_and_not_a_change" time="0.000" /><testcase classname="tests.test_classify" name="test_hysteresis[89.2-medium-medium-False]" time="0.001" /><testcase classname="tests.test_classify" name="test_hysteresis[95.0-slow-slow-False]" time="0.001" /><testcase classname="tests.test_classify" name="test_hysteresis[146.0-fast-fast-False]" time="0.001" /><testcase classname="tests.test_classify" name="test_hysteresis[154.0-medium-medium-False]" time="0.001" /><testcase classname="tests.test_classify" name="test_hysteresis[84.9-medium-slow-True]" time="0.001" /><testcase classname="tests.test_classify" name="test_hysteresis[95.1-slow-medium-True]" time="0.001" /><testcase classname="tests.test_classify" name="test_hysteresis[144.9-fast-medium-True]" time="0.000" /><testcase classname="tests.test_classify" name="test_hysteresis[155.1-medium-fast-True]" time="0.001" /><testcase classname="tests.test_classify" name="test_hysteresis[200.0-slow-fast-True]" time="0.001" /><testcase classname="tests.test_classify" name="test_fixture_class_counts_pinned[Garage_61_HKWPXX.csv]" time="0.056" /><testcase classname="tests.test_classify" name="test_fixture_class_counts_pinned[Garage_61_RH11X7.csv]" time="0.041" /><testcase classname="tests.test_coach" name="test_payload_carries_report_and_history" time="0.153" /><testcase classname="tests.test_coach" name="test_driver_model_beliefs_are_citable_numbers_no_new_validator_needed" time="0.154" /><testcase classname="tests.test_coach" name="test_valid_output_accepted_and_rendered" time="0.158" /><testcase classname="tests.test_coach" name="test_fenced_json_tolerated" time="0.161" /><testcase classname="tests.test_coach" name="test_unknown_evidence_id_rejected" time="0.163" /><testcase classname="tests.test_coach" name="test_suppressed_finding_cannot_be_a_priority" time="0.154" /><testcase classname="tests.test_coach" name="test_invented_number_rejected" time="0.154" /><testcase classname="tests.test_coach" name="test_hypothesis_without_confidence_rejected" time="0.153" /><testcase classname="tests.test_coach" name="test_unknown_coaching_principle_rejected" time="0.154" /><testcase classname="tests.test_coach" name="test_ineligible_coaching_principle_rejected" time="0.152" /><testcase classname="tests.test_coach" name="test_incident_present_and_classified" time="0.060" /><testcase classname="tests.test_coach" name="test_valid_incident_explanation_accepted_and_rendered" time="0.061" /><testcase classname="tests.test_coach" name="test_incident_explanation_must_match_engines_own_principle" time="0.060" /><testcase classname="tests.test_coach" name="test_unclassified_incident_cannot_be_explained" time="0.060" /><testcase classname="tests.test_coach" name="test_incident_explanation_missing_confidence_rejected" time="0.059" /><testcase classname="tests.test_coach" name="test_incident_explanation_invented_number_rejected" time="0.076" /><testcase classname="tests.test_coach" name="test_no_signal_confidence_language_rejected" time="0.168" /><testcase classname="tests.test_coach" name="test_no_signal_principle_without_percentage_is_accepted" time="0.151" /><testcase classname="tests.test_coach" name="test_malformed_json_rejected" time="0.154" /><testcase classname="tests.test_coach" name="test_accepted_output_enters_focus_history" time="0.175" /><testcase classname="tests.test_coach" name="test_numeric_validator_units_only" time="0.000" /><testcase classname="tests.test_coach" name="test_coach_cli_requires_key" time="2.251" /><testcase classname="tests.test_coaching_engine" name="test_no_signal_principle_always_present_even_with_no_laps" time="0.007" /><testcase classname="tests.test_coaching_engine" name="test_no_signal_principle_never_headline_eligible_regardless_of_data" time="0.059" /><testcase classname="tests.test_coaching_engine" name="test_detector_gated_principle_eligible_with_growing_gap_band" time="0.058" /><testcase classname="tests.test_coaching_engine" name="test_detector_gate_absent_when_never_triggers" time="0.137" /><testcase classname="tests.test_coaching_engine" name="test_is_deterministic" time="0.059" /><testcase classname="tests.test_coaching_engine" name="test_finding_gate_eligible_when_vs_self_finding_shown" time="0.140" /><testcase classname="tests.test_coaching_engine" name="test_finding_gate_absent_without_a_shown_finding" time="0.137" /><testcase classname="tests.test_coaching_engine" name="test_trust_the_proxy_eligible_on_real_brake_point_variation" time="0.057" /><testcase classname="tests.test_coaching_engine" name="test_same_lap_twice_bands_on_its_own_cv_not_seconds" time="0.057" /><testcase classname="tests.test_coaching_engine" name="test_cv_gate_absent_when_metrics_barely_vary" time="0.135" /><testcase classname="tests.test_coaching_engine" name="test_select_coaching_no_data_yields_insufficient_headline" time="0.007" /><testcase classname="tests.test_coaching_engine" name="test_select_coaching_picks_largest_seconds_candidate_as_headline" time="0.070" /><testcase classname="tests.test_coaching_engine" name="test_select_coaching_secondary_excludes_negligible_and_headline" time="0.000" /><testcase classname="tests.test_coaching_engine" name="test_thin_evidence_flag_reflects_the_configured_floor" time="0.051" /><testcase classname="tests.test_coaching_ontology" name="test_every_principle_references_a_real_technique" time="0.000" /><testcase classname="tests.test_coaching_ontology" name="test_every_principle_fundamental_matches_its_technique" time="0.000" /><testcase classname="tests.test_coaching_ontology" name="test_every_principle_signal_status_matches_its_technique" time="0.000" /><testcase classname="tests.test_coaching_ontology" name="test_detector_gates_reference_real_detectors" time="0.000" /><testcase classname="tests.test_coaching_ontology" name="test_detector_gates_reference_the_techniques_own_detector" time="0.000" /><testcase classname="tests.test_coaching_ontology" name="test_metric_cv_gates_reference_real_metrics_or_wildcard" time="0.000" /><testcase classname="tests.test_coaching_ontology" name="test_band_phase_is_a_real_fundamental_phase_or_none" time="0.000" /><testcase classname="tests.test_coaching_ontology" name="test_no_signal_principles_carry_self_check_never_expression_or_drill" time="0.000" /><testcase classname="tests.test_coaching_ontology" name="test_measured_and_proxy_principles_carry_expression_and_drill_never_self_check" time="0.000" /><testcase classname="tests.test_coaching_ontology" name="test_finding_gate_phase_is_real" time="0.000" /><testcase classname="tests.test_coaching_ontology" name="test_ids_are_unique_and_namespaced_by_technique" time="0.000" /><testcase classname="tests.test_coaching_ontology" name="test_principles_for_fundamental" time="0.000" /><testcase classname="tests.test_coaching_ontology" name="test_nine_seed_principles" time="0.000" /><testcase classname="tests.test_coaching_report" name="test_build_coaching_report_is_deterministic_and_shows_self_checks" time="0.142" /><testcase classname="tests.test_coaching_report" name="test_build_coaching_report_with_no_laps_says_so" time="0.006" /><testcase classname="tests.test_coaching_report" name="test_coaching_cli_requires_existing_db" time="0.004" /><testcase classname="tests.test_coaching_report" name="test_coaching_cli_writes_report_on_real_fixtures" time="2.195" /><testcase classname="tests.test_cockpit_api" name="test_sync_missing_token_returns_directive_error_and_writes_nothing" time="0.024" /><testcase classname="tests.test_cockpit_api" name="test_sync_missing_token_ignores_a_car_track_body_too" time="0.024" /><testcase classname="tests.test_cockpit_api" name="test_sync_requires_an_existing_db_like_every_other_write_endpoint" time="0.024" /><testcase classname="tests.test_cockpit_api" name="test_sync_car_track_body_scopes_discovery" time="0.152" /><testcase classname="tests.test_cockpit_api" name="test_sync_effects_identical_to_cli_sync" time="0.693" /><testcase classname="tests.test_cockpit_api" name="test_sync_never_refetches_a_lap_already_synced" time="0.357" /><testcase classname="tests.test_cockpit_api" name="test_rebuild_map_unknown_cohort_404s" time="2.120" /><testcase classname="tests.test_cockpit_api" name="test_rebuild_map_known_cohort_without_a_frozen_map_404s" time="0.144" /><testcase classname="tests.test_cockpit_api" name="test_rebuild_map_effects_identical_to_cli" time="4.171" /><testcase classname="tests.test_cockpit_api" name="test_rebuild_map_response_includes_cleared_stale_phase_notice" time="0.340" /><testcase classname="tests.test_cockpit_ui" name="test_sync_button_shows_guidance_not_an_input_field_without_a_token" time="0.000"><skipped type="pytest.skip" message="Chromium binary or built SPA not present">C:\Users\benja\driverdna\tests\test_cockpit_ui.py:80: Chromium binary or built SPA not present</skipped></testcase><testcase classname="tests.test_cockpit_ui" name="test_rebuild_map_confirm_gate_then_report_through_the_real_browser" time="0.000"><skipped type="pytest.skip" message="Chromium binary or built SPA not present">C:\Users\benja\driverdna\tests\test_cockpit_ui.py:103: Chromium binary or built SPA not present</skipped></testcase><testcase classname="tests.test_cohort_drift" name="test_variant_present_on_one_side_only_is_flagged" time="0.000" /><testcase classname="tests.test_cohort_drift" name="test_case_and_punctuation_differences_are_flagged" time="0.000" /><testcase classname="tests.test_cohort_drift" name="test_drift_on_the_car_axis_is_flagged_too" time="0.000" /><testcase classname="tests.test_cohort_drift" name="test_two_different_variants_are_distinct_cohorts_not_drift" time="0.000" /><testcase classname="tests.test_cohort_drift" name="test_genuinely_different_tracks_are_not_flagged" time="0.000" /><testcase classname="tests.test_cohort_drift" name="test_genuinely_different_cars_at_one_track_are_not_flagged" time="0.000" /><testcase classname="tests.test_cohort_drift" name="test_two_drivers_are_never_compared" time="0.000" /><testcase classname="tests.test_cohort_drift" name="test_a_single_cohort_produces_nothing" time="0.000" /><testcase classname="tests.test_cohort_drift" name="test_detection_is_deterministic" time="0.000" /><testcase classname="tests.test_cohort_drift" name="test_import_warns_at_the_moment_drift_is_created" time="0.569" /><testcase classname="tests.test_cohort_drift" name="test_history_reports_existing_drift" time="0.542" /><testcase classname="tests.test_cohort_drift" name="test_no_warning_when_labels_are_consistent" time="2.135" /><testcase classname="tests.test_corners_report" name="test_report_contains_both_cohorts_and_ids" time="0.615" /><testcase classname="tests.test_corners_report" name="test_report_is_deterministic" time="1.305" /><testcase classname="tests.test_corners_report" name="test_cli_writes_report" time="0.651" /><testcase classname="tests.test_dated_import" name="test_flag_date_applies_to_every_lap_without_a_manifest" time="0.411" /><testcase classname="tests.test_dated_import" name="test_no_date_flag_leaves_laps_undated" time="0.281" /><testcase classname="tests.test_dated_import" name="test_invalid_date_flag_rejected_loudly_and_imports_nothing" time="0.008" /><testcase classname="tests.test_dated_import" name="test_full_iso8601_timestamp_accepted" time="0.268" /><testcase classname="tests.test_dated_import" name="test_manifest_per_entry_date_overrides_flag_fallback" time="0.408" /><testcase classname="tests.test_dated_import" name="test_manifest_without_date_or_flag_stays_undated" time="0.301" /><testcase classname="tests.test_dated_import" name="test_invalid_manifest_entry_date_rejected_loudly" time="0.009" /><testcase classname="tests.test_db" name="test_migrations_apply_fully" time="0.007" /><testcase classname="tests.test_db" name="test_lap_blob_round_trip" time="0.011" /><testcase classname="tests.test_db" name="test_reimport_same_source_is_noop" time="0.010" /><testcase classname="tests.test_db" name="test_content_duplicate_under_different_filename_is_rejected" time="0.015" /><testcase classname="tests.test_db" name="test_retention_evicts_blobs_only_and_preserves_history" time="0.065" /><testcase classname="tests.test_db" name="test_reference_lap_never_enters_self_history" time="0.045" /><testcase classname="tests.test_db" name="test_candidate_admission_after_min_laps" time="0.059" /><testcase classname="tests.test_db" name="test_first_import_builds_and_freezes_map" time="0.021" /><testcase classname="tests.test_db" name="test_config_history_records" time="0.008" /><testcase classname="tests.test_demo" name="test_demo_fixtures_dir_resolves_in_a_source_checkout" time="0.001" /><testcase classname="tests.test_demo" name="test_seed_demo_db_imports_sample_laps" time="2.128" /><testcase classname="tests.test_demo" name="test_seed_demo_db_is_idempotent" time="2.071" /><testcase classname="tests.test_demo" name="test_demo_command_is_registered" time="0.070" /><testcase classname="tests.test_demo" name="test_runnable_as_python_m_module" time="0.132" /><testcase classname="tests.test_dialect" name="test_placeholders_become_format_style" time="0.001" /><testcase classname="tests.test_dialect" name="test_question_mark_inside_a_literal_is_data_not_a_placeholder" time="0.000" /><testcase classname="tests.test_dialect" name="test_doubled_quote_escape_keeps_the_scan_correct" time="0.000" /><testcase classname="tests.test_dialect" name="test_double_quoted_identifier_is_respected" time="0.000" /><testcase classname="tests.test_dialect" name="test_bare_percent_is_rejected_loudly" time="0.000" /><testcase classname="tests.test_dialect" name="test_translation_is_idempotent_on_placeholderless_sql" time="0.000" /><testcase classname="tests.test_dialect" name="test_real_becomes_double_precision" time="0.001" /><testcase classname="tests.test_dialect" name="test_text_gets_the_bytewise_collation" time="0.000" /><testcase classname="tests.test_dialect" name="test_surrogate_keys_become_identity_but_fk_primary_keys_do_not" time="0.000" /><testcase classname="tests.test_dialect" name="test_identity_is_by_default_not_always" time="0.000" /><testcase classname="tests.test_dialect" name="test_every_migration_translates" time="0.002" /><testcase classname="tests.test_dialect" name="test_dsn_password_is_redacted" time="0.000" /><testcase classname="tests.test_dialect" name="test_redaction_leaves_a_passwordless_dsn_alone" time="0.000" /><testcase classname="tests.test_dialect" name="test_no_bare_database_url_fallback" time="0.001" /><testcase classname="tests.test_dialect" name="test_project_env_var_is_used" time="0.000" /><testcase classname="tests.test_dialect" name="test_schema_applies_and_matches_sqlite" time="0.000"><skipped type="pytest.skip" message="no local Postgres configured (set DRIVERDNA_TEST_DATABASE_URL)">C:\Users\benja\driverdna\tests\test_dialect.py:135: no local Postgres configured (set DRIVERDNA_TEST_DATABASE_URL)</skipped></testcase><testcase classname="tests.test_dialect" name="test_every_text_column_is_bytewise_collated" time="0.000"><skipped type="pytest.skip" message="no local Postgres configured (set DRIVERDNA_TEST_DATABASE_URL)">C:\Users\benja\driverdna\tests\test_dialect.py:158: no local Postgres configured (set DRIVERDNA_TEST_DATABASE_URL)</skipped></testcase><testcase classname="tests.test_dialect" name="test_no_float4_columns" time="0.000"><skipped type="pytest.skip" message="no local Postgres configured (set DRIVERDNA_TEST_DATABASE_URL)">C:\Users\benja\driverdna\tests\test_dialect.py:172: no local Postgres configured (set DRIVERDNA_TEST_DATABASE_URL)</skipped></testcase><testcase classname="tests.test_dialect" name="test_full_precision_survives_a_round_trip" time="0.000"><skipped type="pytest.skip" message="no local Postgres configured (set DRIVERDNA_TEST_DATABASE_URL)">C:\Users\benja\driverdna\tests\test_dialect.py:183: no local Postgres configured (set DRIVERDNA_TEST_DATABASE_URL)</skipped></testcase><testcase classname="tests.test_dialect" name="test_transaction_block_does_not_close_the_connection" time="0.000"><skipped type="pytest.skip" message="no local Postgres configured (set DRIVERDNA_TEST_DATABASE_URL)">C:\Users\benja\driverdna\tests\test_dialect.py:201: no local Postgres configured (set DRIVERDNA_TEST_DATABASE_URL)</skipped></testcase><testcase classname="tests.test_garage61_client" name="test_requires_token_without_transport" time="0.001" /><testcase classname="tests.test_garage61_client" name="test_me_is_cached_after_first_call" time="0.000" /><testcase classname="tests.test_garage61_client" name="test_list_own_laps_requires_tracks_and_filters_self" time="0.000" /><testcase classname="tests.test_garage61_client" name="test_list_own_laps_paginates_until_total_reached" time="0.001" /><testcase classname="tests.test_garage61_client" name="test_list_own_laps_requests_all_laps_not_personal_bests" time="0.000" /><testcase classname="tests.test_garage61_client" name="test_list_own_laps_sends_date_filters_only_when_given" time="0.000" /><testcase classname="tests.test_garage61_client" name="test_list_own_laps_can_ask_for_clean_laps_only" time="0.000" /><testcase classname="tests.test_garage61_client" name="test_list_own_laps_rejects_page_size_outside_the_documented_limit[0]" time="0.000" /><testcase classname="tests.test_garage61_client" name="test_list_own_laps_rejects_page_size_outside_the_documented_limit[-1]" time="0.001" /><testcase classname="tests.test_garage61_client" name="test_list_own_laps_rejects_page_size_outside_the_documented_limit[1001]" time="0.000" /><testcase classname="tests.test_garage61_client" name="test_list_own_laps_rejects_page_size_outside_the_documented_limit[5000]" time="0.000" /><testcase classname="tests.test_garage61_client" name="test_list_own_laps_passes_car_filter_when_given" time="0.000" /><testcase classname="tests.test_garage61_client" name="test_lap_csv_returns_raw_bytes" time="0.000" /><testcase classname="tests.test_garage61_client" name="test_401_raises_auth_error" time="0.000" /><testcase classname="tests.test_garage61_client" name="test_403_on_other_driver_lap_raises_forbidden_with_code" time="0.001" /><testcase classname="tests.test_garage61_client" name="test_404_raises_not_found" time="0.000" /><testcase classname="tests.test_garage61_client" name="test_400_missing_required_param_raises_request_error" time="0.000" /><testcase classname="tests.test_garage61_sync" name="test_discover_cohorts_uses_statistics_and_skips_zero_laps" time="0.001" /><testcase classname="tests.test_garage61_sync" name="test_discover_cohorts_folds_variant_into_track_label" time="0.001" /><testcase classname="tests.test_garage61_sync" name="test_sync_imports_new_laps_with_real_session_run_date" time="0.088" /><testcase classname="tests.test_garage61_sync" name="test_sync_is_idempotent_and_never_refetches_csv" time="0.121" /><testcase classname="tests.test_garage61_sync" name="test_sync_skips_missing_and_incomplete_laps_without_fetching_csv" time="0.012" /><testcase classname="tests.test_garage61_sync" name="test_sync_records_sync_state" time="0.077" /><testcase classname="tests.test_garage61_sync" name="test_sync_car_track_filters_restrict_cohorts" time="0.069" /><testcase classname="tests.test_garage61_sync" name="test_sync_imports_many_laps_from_one_cohort" time="0.163" /><testcase classname="tests.test_garage61_sync" name="test_sync_requests_unclean_laps_by_default_and_imports_them" time="0.069" /><testcase classname="tests.test_garage61_sync" name="test_sync_clean_only_asks_the_api_for_clean_laps" time="0.075" /><testcase classname="tests.test_garage61_sync" name="test_sync_passes_date_filters_through_to_the_api" time="0.069" /><testcase classname="tests.test_garage61_sync" name="test_sync_skips_laps_whose_telemetry_is_not_viewable" time="0.128" /><testcase classname="tests.test_garage61_sync" name="test_sync_does_not_treat_a_missing_telemetry_flag_as_no_access" time="0.067" /><testcase classname="tests.test_garage61_sync" name="test_sync_reports_when_server_side_self_scoping_did_not_apply" time="0.074" /><testcase classname="tests.test_garage61_sync" name="test_reference_laps_are_never_fetchable_via_sync" time="0.072" /><testcase classname="tests.test_garage61_sync" name="test_sync_skips_lap_on_csv_404_and_continues" time="0.160" /><testcase classname="tests.test_garage61_sync" name="test_sync_skips_lap_on_csv_403_and_continues" time="0.069" /><testcase classname="tests.test_garage61_sync" name="test_sync_auth_error_still_aborts" time="0.007" /><testcase classname="tests.test_hardening" name="test_the_upload_cap_has_a_documented_default_with_real_headroom" time="0.000" /><testcase classname="tests.test_hardening" name="test_an_oversized_upload_is_refused_and_imports_nothing" time="0.067" /><testcase classname="tests.test_hardening" name="test_a_real_lap_is_comfortably_under_the_cap" time="0.367" /><testcase classname="tests.test_hardening" name="test_a_non_csv_upload_is_refused_by_name[laps.zip]" time="0.025" /><testcase classname="tests.test_hardening" name="test_a_non_csv_upload_is_refused_by_name[laps.csv.exe]" time="0.024" /><testcase classname="tests.test_hardening" name="test_a_non_csv_upload_is_refused_by_name[notes.txt]" time="0.025" /><testcase classname="tests.test_hardening" name="test_a_non_csv_upload_is_refused_by_name[noextension]" time="0.024" /><testcase classname="tests.test_hardening" name="test_the_refusal_names_every_bad_file_not_just_the_first" time="0.025" /><testcase classname="tests.test_hardening" name="test_a_csv_extension_is_matched_case_insensitively" time="0.389" /><testcase classname="tests.test_hardening" name="test_a_redownload_suffix_still_uploads" time="0.362" /><testcase classname="tests.test_hardening" name="test_chat_is_rate_limited" time="0.069" /><testcase classname="tests.test_hardening" name="test_the_rate_limit_does_not_apply_to_ordinary_reads" time="2.141" /><testcase classname="tests.test_identity" name="test_build_assigns_track_ordered_ids" time="0.003" /><testcase classname="tests.test_identity" name="test_jittered_lap_matches_same_ids_in_order" time="0.004" /><testcase classname="tests.test_identity" name="test_missing_corner_matches_the_rest" time="0.003" /><testcase classname="tests.test_identity" name="test_unknown_corner_is_unmatched_not_forced" time="0.004" /><testcase classname="tests.test_identity" name="test_degraded_gps_falls_back_to_lap_distance" time="0.003" /><testcase classname="tests.test_identity" name="test_primary_apex_flip_still_matches_via_secondary_apex" time="0.003" /><testcase classname="tests.test_identity" name="test_build_is_deterministic" time="0.005" /><testcase classname="tests.test_identity" name="test_fixture_self_match_is_complete_and_ordered[Garage_61_RH11X7.csv-10]" time="0.046" /><testcase classname="tests.test_identity" name="test_fixture_self_match_is_complete_and_ordered[Garage_61_HKWPXX.csv-14]" time="0.093" /><testcase classname="tests.test_identity" name="test_real_race_laps_match_the_frozen_map" time="0.267" /><testcase classname="tests.test_import_cli" name="test_full_spa_cohort_clears_gates_and_surfaces_events" time="2.225" /><testcase classname="tests.test_import_cli" name="test_import_fixtures_and_render_metrics" time="2.750" /><testcase classname="tests.test_import_cli" name="test_import_of_an_empty_directory_is_a_loud_error" time="0.005" /><testcase classname="tests.test_import_cli" name="test_import_auto_detects_car_track_from_new_filename_format_without_flags" time="0.323" /><testcase classname="tests.test_import_cli" name="test_import_mixed_unresolvable_filenames_rejects_nothing_imported" time="0.008" /><testcase classname="tests.test_import_cli" name="test_import_auto_detects_car_track_from_hyphen_filename_shape" time="0.326" /><testcase classname="tests.test_import_cli" name="test_import_with_only_car_applies_it_and_auto_detects_track" time="0.325" /><testcase classname="tests.test_import_cli" name="test_import_with_only_car_and_undetectable_filename_names_the_missing_field" time="0.007" /><testcase classname="tests.test_import_cli" name="test_import_of_a_re_downloaded_copy_is_reported_duplicate_not_double_counted" time="0.392" /><testcase classname="tests.test_import_cli" name="test_metrics_without_db_fails_loudly" time="0.005" /><testcase classname="tests.test_incidents" name="test_near_stop_detected" time="0.002" /><testcase classname="tests.test_incidents" name="test_off_track_detected" time="0.002" /><testcase classname="tests.test_incidents" name="test_clean_lap_has_no_incidents" time="0.002" /><testcase classname="tests.test_incidents" name="test_brief_blips_below_min_duration_are_not_incidents" time="0.002" /><testcase classname="tests.test_incidents" name="test_spin_under_brake_is_trail_brake_oversteer" time="0.002" /><testcase classname="tests.test_incidents" name="test_spin_after_lift_is_lift_off_oversteer" time="0.002" /><testcase classname="tests.test_incidents" name="test_spin_on_power_is_power_on_oversteer" time="0.002" /><testcase classname="tests.test_incidents" name="test_off_without_rotation_is_understeer_off" time="0.002" /><testcase classname="tests.test_incidents" name="test_ambiguous_snap_stays_unclassified" time="0.002" /><testcase classname="tests.test_incidents" name="test_scan_is_deterministic" time="0.004" /><testcase classname="tests.test_incidents" name="test_incident_associates_to_nearest_corner" time="0.002" /><testcase classname="tests.test_incidents" name="test_real_spin_lap_detects_trail_brake_oversteer_at_la_source" time="0.066" /><testcase classname="tests.test_incidents" name="test_real_deadstop_lap_detects_near_stop_at_bus_stop" time="0.070" /><testcase classname="tests.test_incidents" name="test_real_clean_laps_have_no_incidents[TTMWSD]" time="0.056" /><testcase classname="tests.test_incidents" name="test_real_clean_laps_have_no_incidents[QHD9QC]" time="0.064" /><testcase classname="tests.test_incidents" name="test_real_clean_laps_have_no_incidents[X0P687]" time="0.124" /><testcase classname="tests.test_incidents" name="test_real_clean_laps_have_no_incidents[60GBCK]" time="0.075" /><testcase classname="tests.test_incidents" name="test_real_clean_laps_have_no_incidents[808ASQ]" time="0.071" /><testcase classname="tests.test_incidents" name="test_reference_lap_is_never_scanned_into_incidents" time="0.020" /><testcase classname="tests.test_incidents" name="test_self_incident_is_persisted_with_evidence" time="0.021" /><testcase classname="tests.test_incidents" name="test_payload_has_incidents_section_coach_grounded_chat_not_yet" time="0.050" /><testcase classname="tests.test_incidents" name="test_incidents_report_is_deterministic" time="0.021" /><testcase classname="tests.test_incidents" name="test_import_produces_deterministic_incident_rows" time="0.041" /><testcase classname="tests.test_metrics" name="test_one_corner_metric_values" time="0.002" /><testcase classname="tests.test_metrics" name="test_one_corner_detector_states" time="0.002" /><testcase classname="tests.test_metrics" name="test_steering_corrections_counted_and_flagged" time="0.002" /><testcase classname="tests.test_metrics" name="test_throttle_brake_overlap_flagged" time="0.002" /><testcase classname="tests.test_metrics" name="test_throttle_stab_flagged" time="0.002" /><testcase classname="tests.test_metrics" name="test_early_brake_release_flagged" time="0.002" /><testcase classname="tests.test_metrics" name="test_summarize" time="0.000" /><testcase classname="tests.test_metrics" name="test_fixture_metrics_deterministic_and_sane[Garage_61_RH11X7.csv]" time="0.041" /><testcase classname="tests.test_metrics" name="test_fixture_metrics_deterministic_and_sane[Garage_61_HKWPXX.csv]" time="0.063" /><testcase classname="tests.test_model_db" name="test_store_belief_round_trip_and_load_beliefs" time="0.007" /><testcase classname="tests.test_model_db" name="test_load_beliefs_scoped_to_driver_and_version" time="0.007" /><testcase classname="tests.test_model_db" name="test_store_belief_upsert_replaces_prior_row_same_version" time="0.007" /><testcase classname="tests.test_model_db" name="test_store_belief_version_bump_keeps_old_version_row" time="0.008" /><testcase classname="tests.test_model_db" name="test_store_belief_no_signal_allows_null_score" time="0.007" /><testcase classname="tests.test_model_db" name="test_driver_session_count" time="0.058" /><testcase classname="tests.test_model_db" name="test_fundamental_evidence_lap_count_counts_distinct_laps_with_real_metric" time="0.031" /><testcase classname="tests.test_model_db" name="test_fundamental_evidence_lap_count_empty_names_returns_zero" time="0.022" /><testcase classname="tests.test_model_db" name="test_fundamental_evidence_lap_count_excludes_reference_role" time="0.028" /><testcase classname="tests.test_model_db" name="test_fundamental_evidence_lap_count_unknown_metric_returns_zero" time="0.020" /><testcase classname="tests.test_model_db" name="test_driver_dated_lap_count_zero_by_default" time="0.030" /><testcase classname="tests.test_model_db" name="test_driver_dated_lap_count_counts_only_dated_self_laps_for_driver" time="0.037" /><testcase classname="tests.test_model_report" name="test_build_model_report_lists_every_fundamental_and_is_deterministic" time="0.152" /><testcase classname="tests.test_model_report" name="test_build_model_report_persists_beliefs" time="0.306" /><testcase classname="tests.test_model_report" name="test_build_model_report_with_no_laps_says_so" time="0.006" /><testcase classname="tests.test_model_report" name="test_model_cli_requires_existing_db" time="0.005" /><testcase classname="tests.test_model_report" name="test_model_cli_writes_report_on_real_fixtures" time="2.213" /><testcase classname="tests.test_offline" name="test_app_loads_and_operates_with_non_localhost_network_blocked" time="0.000"><skipped type="pytest.skip" message="Chromium binary or built SPA not present">C:\Users\benja\driverdna\tests\test_offline.py:89: Chromium binary or built SPA not present</skipped></testcase><testcase classname="tests.test_ordering_determinism" name="test_corner_positions_is_ordered_by_corner_id" time="0.008" /><testcase classname="tests.test_ordering_determinism" name="test_tercile_query_orders_by_lap_pk_within_a_duration_tie" time="0.001" /><testcase classname="tests.test_ordering_determinism" name="test_tied_distance_labels_the_lower_corner_id" time="0.006" /><testcase classname="tests.test_ordering_determinism" name="test_empty_lap_pk_bucket_matches_nothing" time="0.006" /><testcase classname="tests.test_ordering_determinism" name="test_no_lap_pk_filter_is_unrestricted" time="0.007" /><testcase classname="tests.test_ordering_determinism" name="test_no_unaliased_derived_tables" time="0.007" /><testcase classname="tests.test_ordering_determinism" name="test_retention_partitions_per_cohort" time="0.072" /><testcase classname="tests.test_ordering_determinism" name="test_has_raw_tracks_the_blob_store" time="0.027" /><testcase classname="tests.test_ordering_determinism" name="test_annotation_pk_is_stable_across_reannotation" time="0.008" /><testcase classname="tests.test_ordering_determinism" name="test_phase_times_upsert_overwrites_in_place" time="0.010" /><testcase classname="tests.test_parser" name="test_fixture_parses_clean[RH11X7]" time="0.030" /><testcase classname="tests.test_parser" name="test_fixture_parses_clean[HKWPXX]" time="0.050" /><testcase classname="tests.test_parser" name="test_fixture_parses_clean[W5JRZB]" time="0.046" /><testcase classname="tests.test_parser" name="test_fixture_parses_clean[K56YRV]" time="0.049" /><testcase classname="tests.test_parser" name="test_fixture_parses_clean[VHC6M4]" time="0.050" /><testcase classname="tests.test_parser" name="test_fixture_parses_clean[WC6PRT]" time="0.055" /><testcase classname="tests.test_parser" name="test_fixture_parses_clean[WN30FK]" time="0.059" /><testcase classname="tests.test_parser" name="test_fixture_parses_clean[5HAH7B]" time="0.055" /><testcase classname="tests.test_parser" name="test_fixture_parses_clean[ZE3WQQ]" time="0.059" /><testcase classname="tests.test_parser" name="test_fixture_parses_clean[B3M5ZW]" time="0.063" /><testcase classname="tests.test_parser" name="test_fixture_parses_clean[59384F]" time="0.061" /><testcase classname="tests.test_parser" name="test_fixture_parses_clean[5ZBWTZ]" time="0.054" /><testcase classname="tests.test_parser" name="test_fixture_pedals_clipped_and_flagged[RH11X7]" time="0.030" /><testcase classname="tests.test_parser" name="test_fixture_pedals_clipped_and_flagged[HKWPXX]" time="0.052" /><testcase classname="tests.test_parser" name="test_fixture_pedals_clipped_and_flagged[W5JRZB]" time="0.047" /><testcase classname="tests.test_parser" name="test_fixture_pedals_clipped_and_flagged[K56YRV]" time="0.111" /><testcase classname="tests.test_parser" name="test_fixture_pedals_clipped_and_flagged[VHC6M4]" time="0.049" /><testcase classname="tests.test_parser" name="test_fixture_pedals_clipped_and_flagged[WC6PRT]" time="0.053" /><testcase classname="tests.test_parser" name="test_fixture_pedals_clipped_and_flagged[WN30FK]" time="0.050" /><testcase classname="tests.test_parser" name="test_fixture_pedals_clipped_and_flagged[5HAH7B]" time="0.051" /><testcase classname="tests.test_parser" name="test_fixture_pedals_clipped_and_flagged[ZE3WQQ]" time="0.052" /><testcase classname="tests.test_parser" name="test_fixture_pedals_clipped_and_flagged[B3M5ZW]" time="0.052" /><testcase classname="tests.test_parser" name="test_fixture_pedals_clipped_and_flagged[59384F]" time="0.050" /><testcase classname="tests.test_parser" name="test_fixture_pedals_clipped_and_flagged[5ZBWTZ]" time="0.050" /><testcase classname="tests.test_parser" name="test_fixture_units_and_types[RH11X7]" time="0.028" /><testcase classname="tests.test_parser" name="test_fixture_units_and_types[HKWPXX]" time="0.049" /><testcase classname="tests.test_parser" name="test_fixture_units_and_types[W5JRZB]" time="0.046" /><testcase classname="tests.test_parser" name="test_fixture_units_and_types[K56YRV]" time="0.049" /><testcase classname="tests.test_parser" name="test_fixture_units_and_types[VHC6M4]" time="0.050" /><testcase classname="tests.test_parser" name="test_fixture_units_and_types[WC6PRT]" time="0.050" /><testcase classname="tests.test_parser" name="test_fixture_units_and_types[WN30FK]" time="0.052" /><testcase classname="tests.test_parser" name="test_fixture_units_and_types[5HAH7B]" time="0.048" /><testcase classname="tests.test_parser" name="test_fixture_units_and_types[ZE3WQQ]" time="0.053" /><testcase classname="tests.test_parser" name="test_fixture_units_and_types[B3M5ZW]" time="0.053" /><testcase classname="tests.test_parser" name="test_fixture_units_and_types[59384F]" time="0.050" /><testcase classname="tests.test_parser" name="test_fixture_units_and_types[5ZBWTZ]" time="0.051" /><testcase classname="tests.test_parser" name="test_fixture_lap_dist_continuous[RH11X7]" time="0.028" /><testcase classname="tests.test_parser" name="test_fixture_lap_dist_continuous[HKWPXX]" time="0.048" /><testcase classname="tests.test_parser" name="test_fixture_lap_dist_continuous[W5JRZB]" time="0.047" /><testcase classname="tests.test_parser" name="test_fixture_lap_dist_continuous[K56YRV]" time="0.048" /><testcase classname="tests.test_parser" name="test_fixture_lap_dist_continuous[VHC6M4]" time="0.052" /><testcase classname="tests.test_parser" name="test_fixture_lap_dist_continuous[WC6PRT]" time="0.051" /><testcase classname="tests.test_parser" name="test_fixture_lap_dist_continuous[WN30FK]" time="0.050" /><testcase classname="tests.test_parser" name="test_fixture_lap_dist_continuous[5HAH7B]" time="0.119" /><testcase classname="tests.test_parser" name="test_fixture_lap_dist_continuous[ZE3WQQ]" time="0.055" /><testcase classname="tests.test_parser" name="test_fixture_lap_dist_continuous[B3M5ZW]" time="0.065" /><testcase classname="tests.test_parser" name="test_fixture_lap_dist_continuous[59384F]" time="0.063" /><testcase classname="tests.test_parser" name="test_fixture_lap_dist_continuous[5ZBWTZ]" time="0.053" /><testcase classname="tests.test_parser" name="test_clean_synthetic_has_no_flags" time="0.005" /><testcase classname="tests.test_parser" name="test_malformed_float_becomes_nan_and_flagged" time="0.005" /><testcase classname="tests.test_parser" name="test_malformed_bool_becomes_false_and_flagged" time="0.004" /><testcase classname="tests.test_parser" name="test_missing_channel_flagged_not_fatal" time="0.004" /><testcase classname="tests.test_parser" name="test_line_to_line_lap_is_clean" time="0.004" /><testcase classname="tests.test_parser" name="test_partial_lap_flagged_incomplete" time="0.005" /><testcase classname="tests.test_parser" name="test_multi_wrap_flagged_and_unwrapped" time="0.005" /><testcase classname="tests.test_parser" name="test_synthetic_pedal_clipping" time="0.004" /><testcase classname="tests.test_parser" name="test_empty_file_raises" time="0.003" /><testcase classname="tests.test_parser" name="test_header_only_raises" time="0.003" /><testcase classname="tests.test_parser" name="test_foreign_filename_gives_no_lap_id" time="0.006" /><testcase classname="tests.test_parser" name="test_new_filename_format_extracts_car_track_and_lap_id" time="0.000" /><testcase classname="tests.test_parser" name="test_new_filename_format_handles_re_download_suffix_with_space" time="0.000" /><testcase classname="tests.test_parser" name="test_new_filename_format_handles_re_download_suffix_without_space" time="0.000" /><testcase classname="tests.test_parser" name="test_old_filename_format_not_matched_by_new_parser" time="0.000" /><testcase classname="tests.test_parser" name="test_unrelated_filename_not_matched" time="0.000" /><testcase classname="tests.test_parser" name="test_parse_lap_uses_new_format_for_lap_id" time="0.004" /><testcase classname="tests.test_parser" name="test_hyphen_filename_shape_extracts_car_track_and_lap_id" time="0.000" /><testcase classname="tests.test_parser" name="test_both_filename_shapes_give_byte_identical_car_track" time="0.000" /><testcase classname="tests.test_parser" name="test_hyphen_filename_shape_handles_re_download_suffix_without_space" time="0.000" /><testcase classname="tests.test_parser" name="test_hyphen_filename_shape_handles_re_download_suffix_with_space" time="0.000" /><testcase classname="tests.test_parser" name="test_delimiter_inside_a_field_is_refused_never_a_guessed_cohort" time="0.000" /><testcase classname="tests.test_parser" name="test_hyphen_shape_requires_every_field_to_be_stated" time="0.000" /><testcase classname="tests.test_parser" name="test_parse_lap_uses_hyphen_shape_for_lap_id" time="0.004" /><testcase classname="tests.test_pg_security" name="test_tables_land_in_the_driverdna_schema_not_public" time="0.000"><skipped type="pytest.skip" message="no local Postgres configured (set DRIVERDNA_TEST_DATABASE_URL)">C:\Users\benja\driverdna\tests\test_pg_security.py:53: no local Postgres configured (set DRIVERDNA_TEST_DATABASE_URL)</skipped></testcase><testcase classname="tests.test_pg_security" name="test_every_table_has_rls_enabled_and_no_policies" time="0.000"><skipped type="pytest.skip" message="no local Postgres configured (set DRIVERDNA_TEST_DATABASE_URL)">C:\Users\benja\driverdna\tests\test_pg_security.py:71: no local Postgres configured (set DRIVERDNA_TEST_DATABASE_URL)</skipped></testcase><testcase classname="tests.test_pg_security" name="test_an_anon_role_reads_nothing_even_with_select_granted" time="0.000"><skipped type="pytest.skip" message="no local Postgres configured (set DRIVERDNA_TEST_DATABASE_URL)">C:\Users\benja\driverdna\tests\test_pg_security.py:92: no local Postgres configured (set DRIVERDNA_TEST_DATABASE_URL)</skipped></testcase><testcase classname="tests.test_pg_security" name="test_an_explicit_schema_choice_is_not_overridden" time="0.000"><skipped type="pytest.skip" message="no local Postgres configured (set DRIVERDNA_TEST_DATABASE_URL)">C:\Users\benja\driverdna\tests\test_pg_security.py:124: no local Postgres configured (set DRIVERDNA_TEST_DATABASE_URL)</skipped></testcase><testcase classname="tests.test_pg_security" name="test_connection_failure_never_prints_the_password" time="0.000"><skipped type="pytest.skip" message="no local Postgres configured (set DRIVERDNA_TEST_DATABASE_URL)">C:\Users\benja\driverdna\tests\test_pg_security.py:133: no local Postgres configured (set DRIVERDNA_TEST_DATABASE_URL)</skipped></testcase><testcase classname="tests.test_rebuild_map" name="test_rebuild_refreezes_windows_from_full_set_not_just_build_lap" time="0.090" /><testcase classname="tests.test_rebuild_map" name="test_rebuild_keeps_corner_ids_and_observation_rows_stable" time="0.072" /><testcase classname="tests.test_rebuild_map" name="test_rebuild_is_idempotent" time="0.095" /><testcase classname="tests.test_rebuild_map" name="test_rebuild_clears_and_reports_phase_times_when_blob_evicted" time="0.093" /><testcase classname="tests.test_rebuild_map" name="test_rebuild_admits_newly_eligible_candidate_when_threshold_lowered" time="0.080" /><testcase classname="tests.test_rebuild_map" name="test_rebuild_refuses_when_a_trace_is_absent_but_never_evicted" time="0.041" /><testcase classname="tests.test_rebuild_map" name="test_rebuild_proceeds_for_absent_traces_when_explicitly_allowed" time="0.054" /><testcase classname="tests.test_rebuild_map" name="test_retention_eviction_is_tombstoned_so_rebuild_does_not_refuse" time="0.062" /><testcase classname="tests.test_rebuild_map" name="test_rebuild_map_cli_refuses_and_changes_nothing_on_absent_trace" time="2.084" /><testcase classname="tests.test_rebuild_map" name="test_rebuild_missing_cohort_reports_not_existed" time="0.022" /><testcase classname="tests.test_rebuild_map" name="test_rebuild_on_real_merged_spa_cohorts_is_stable_and_idempotent" time="7.613" /><testcase classname="tests.test_rebuild_map" name="test_rebuild_map_cli_reports_summary" time="3.154" /><testcase classname="tests.test_rebuild_map" name="test_rebuild_map_cli_errors_on_missing_db" time="0.005" /><testcase classname="tests.test_rebuild_map" name="test_rebuild_map_cli_errors_on_unknown_cohort" time="2.063" /><testcase classname="tests.test_render_parity" name="test_every_fractional_figure_traces_to_the_payload" time="0.000"><skipped type="pytest.skip" message="Chromium binary or built SPA not present">C:\Users\benja\driverdna\tests\test_render_parity.py:139: Chromium binary or built SPA not present</skipped></testcase><testcase classname="tests.test_render_parity" name="test_crawler_would_catch_an_invented_number" time="0.000"><skipped type="pytest.skip" message="Chromium binary or built SPA not present">C:\Users\benja\driverdna\tests\test_render_parity.py:186: Chromium binary or built SPA not present</skipped></testcase><testcase classname="tests.test_report" name="test_payload_and_json_deterministic" time="0.176" /><testcase classname="tests.test_report" name="test_markdown_shows_findings_and_honesty_sections" time="0.168" /><testcase classname="tests.test_report" name="test_html_is_self_contained_with_charts" time="0.159" /><testcase classname="tests.test_report" name="test_html_is_byte_identical_across_independent_renders" time="0.153" /><testcase classname="tests.test_report" name="test_report_css_tokens_match_ui_tokens_json" time="0.001" /><testcase classname="tests.test_report" name="test_html_uses_token_colors_not_the_old_light_theme" time="0.156" /><testcase classname="tests.test_report" name="test_driver_rollup_gates_single_track" time="0.152" /><testcase classname="tests.test_report" name="test_cohort_payload_carries_driver_model_beliefs" time="0.152" /><testcase classname="tests.test_report" name="test_driver_payload_reuses_cohort_driver_model_without_recomputing" time="0.203" /><testcase classname="tests.test_report" name="test_report_cli_writes_all_formats" time="2.715" /><testcase classname="tests.test_report" name="test_report_cli_cohort_filter" time="2.573" /><testcase classname="tests.test_schema_lock" name="test_header_exact_order[RH11X7]" time="0.027" /><testcase classname="tests.test_schema_lock" name="test_header_exact_order[HKWPXX]" time="0.104" /><testcase classname="tests.test_schema_lock" name="test_header_exact_order[W5JRZB]" time="0.042" /><testcase classname="tests.test_schema_lock" name="test_header_exact_order[K56YRV]" time="0.042" /><testcase classname="tests.test_schema_lock" name="test_header_exact_order[VHC6M4]" time="0.043" /><testcase classname="tests.test_schema_lock" name="test_header_exact_order[WC6PRT]" time="0.043" /><testcase classname="tests.test_schema_lock" name="test_header_exact_order[WN30FK]" time="0.067" /><testcase classname="tests.test_schema_lock" name="test_header_exact_order[5HAH7B]" time="0.074" /><testcase classname="tests.test_schema_lock" name="test_header_exact_order[ZE3WQQ]" time="0.044" /><testcase classname="tests.test_schema_lock" name="test_header_exact_order[B3M5ZW]" time="0.046" /><testcase classname="tests.test_schema_lock" name="test_header_exact_order[59384F]" time="0.044" /><testcase classname="tests.test_schema_lock" name="test_header_exact_order[5ZBWTZ]" time="0.041" /><testcase classname="tests.test_schema_lock" name="test_no_forbidden_columns[RH11X7]" time="0.000" /><testcase classname="tests.test_schema_lock" name="test_no_forbidden_columns[HKWPXX]" time="0.000" /><testcase classname="tests.test_schema_lock" name="test_no_forbidden_columns[W5JRZB]" time="0.000" /><testcase classname="tests.test_schema_lock" name="test_no_forbidden_columns[K56YRV]" time="0.000" /><testcase classname="tests.test_schema_lock" name="test_no_forbidden_columns[VHC6M4]" time="0.000" /><testcase classname="tests.test_schema_lock" name="test_no_forbidden_columns[WC6PRT]" time="0.000" /><testcase classname="tests.test_schema_lock" name="test_no_forbidden_columns[WN30FK]" time="0.000" /><testcase classname="tests.test_schema_lock" name="test_no_forbidden_columns[5HAH7B]" time="0.000" /><testcase classname="tests.test_schema_lock" name="test_no_forbidden_columns[ZE3WQQ]" time="0.000" /><testcase classname="tests.test_schema_lock" name="test_no_forbidden_columns[B3M5ZW]" time="0.000" /><testcase classname="tests.test_schema_lock" name="test_no_forbidden_columns[59384F]" time="0.000" /><testcase classname="tests.test_schema_lock" name="test_no_forbidden_columns[5ZBWTZ]" time="0.000" /><testcase classname="tests.test_schema_lock" name="test_60hz_duration_matches_manifest_lap_time[RH11X7]" time="0.000" /><testcase classname="tests.test_schema_lock" name="test_60hz_duration_matches_manifest_lap_time[HKWPXX]" time="0.000" /><testcase classname="tests.test_schema_lock" name="test_60hz_duration_matches_manifest_lap_time[W5JRZB]" time="0.000" /><testcase classname="tests.test_schema_lock" name="test_60hz_duration_matches_manifest_lap_time[K56YRV]" time="0.000" /><testcase classname="tests.test_schema_lock" name="test_60hz_duration_matches_manifest_lap_time[VHC6M4]" time="0.000" /><testcase classname="tests.test_schema_lock" name="test_60hz_duration_matches_manifest_lap_time[WC6PRT]" time="0.000" /><testcase classname="tests.test_schema_lock" name="test_60hz_duration_matches_manifest_lap_time[WN30FK]" time="0.000" /><testcase classname="tests.test_schema_lock" name="test_60hz_duration_matches_manifest_lap_time[5HAH7B]" time="0.000" /><testcase classname="tests.test_schema_lock" name="test_60hz_duration_matches_manifest_lap_time[ZE3WQQ]" time="0.000" /><testcase classname="tests.test_schema_lock" name="test_60hz_duration_matches_manifest_lap_time[B3M5ZW]" time="0.000" /><testcase classname="tests.test_schema_lock" name="test_60hz_duration_matches_manifest_lap_time[59384F]" time="0.000" /><testcase classname="tests.test_schema_lock" name="test_60hz_duration_matches_manifest_lap_time[5ZBWTZ]" time="0.000" /><testcase classname="tests.test_schema_lock" name="test_single_complete_lap[RH11X7]" time="0.000" /><testcase classname="tests.test_schema_lock" name="test_single_complete_lap[HKWPXX]" time="0.000" /><testcase classname="tests.test_schema_lock" name="test_single_complete_lap[W5JRZB]" time="0.000" /><testcase classname="tests.test_schema_lock" name="test_single_complete_lap[K56YRV]" time="0.000" /><testcase classname="tests.test_schema_lock" name="test_single_complete_lap[VHC6M4]" time="0.000" /><testcase classname="tests.test_schema_lock" name="test_single_complete_lap[WC6PRT]" time="0.000" /><testcase classname="tests.test_schema_lock" name="test_single_complete_lap[WN30FK]" time="0.000" /><testcase classname="tests.test_schema_lock" name="test_single_complete_lap[5HAH7B]" time="0.000" /><testcase classname="tests.test_schema_lock" name="test_single_complete_lap[ZE3WQQ]" time="0.000" /><testcase classname="tests.test_schema_lock" name="test_single_complete_lap[B3M5ZW]" time="0.000" /><testcase classname="tests.test_schema_lock" name="test_single_complete_lap[59384F]" time="0.000" /><testcase classname="tests.test_schema_lock" name="test_single_complete_lap[5ZBWTZ]" time="0.000" /><testcase classname="tests.test_schema_lock" name="test_speed_is_meters_per_second[RH11X7]" time="0.000" /><testcase classname="tests.test_schema_lock" name="test_speed_is_meters_per_second[HKWPXX]" time="0.000" /><testcase classname="tests.test_schema_lock" name="test_speed_is_meters_per_second[W5JRZB]" time="0.000" /><testcase classname="tests.test_schema_lock" name="test_speed_is_meters_per_second[K56YRV]" time="0.000" /><testcase classname="tests.test_schema_lock" name="test_speed_is_meters_per_second[VHC6M4]" time="0.000" /><testcase classname="tests.test_schema_lock" name="test_speed_is_meters_per_second[WC6PRT]" time="0.000" /><testcase classname="tests.test_schema_lock" name="test_speed_is_meters_per_second[WN30FK]" time="0.000" /><testcase classname="tests.test_schema_lock" name="test_speed_is_meters_per_second[5HAH7B]" time="0.000" /><testcase classname="tests.test_schema_lock" name="test_speed_is_meters_per_second[ZE3WQQ]" time="0.000" /><testcase classname="tests.test_schema_lock" name="test_speed_is_meters_per_second[B3M5ZW]" time="0.001" /><testcase classname="tests.test_schema_lock" name="test_speed_is_meters_per_second[59384F]" time="0.001" /><testcase classname="tests.test_schema_lock" name="test_speed_is_meters_per_second[5ZBWTZ]" time="0.000" /><testcase classname="tests.test_schema_lock" name="test_gps_matches_known_track[RH11X7]" time="0.000" /><testcase classname="tests.test_schema_lock" name="test_gps_matches_known_track[HKWPXX]" time="0.000" /><testcase classname="tests.test_schema_lock" name="test_gps_matches_known_track[W5JRZB]" time="0.000" /><testcase classname="tests.test_schema_lock" name="test_gps_matches_known_track[K56YRV]" time="0.000" /><testcase classname="tests.test_schema_lock" name="test_gps_matches_known_track[VHC6M4]" time="0.000" /><testcase classname="tests.test_schema_lock" name="test_gps_matches_known_track[WC6PRT]" time="0.000" /><testcase classname="tests.test_schema_lock" name="test_gps_matches_known_track[WN30FK]" time="0.001" /><testcase classname="tests.test_schema_lock" name="test_gps_matches_known_track[5HAH7B]" time="0.001" /><testcase classname="tests.test_schema_lock" name="test_gps_matches_known_track[ZE3WQQ]" time="0.000" /><testcase classname="tests.test_schema_lock" name="test_gps_matches_known_track[B3M5ZW]" time="0.001" /><testcase classname="tests.test_schema_lock" name="test_gps_matches_known_track[59384F]" time="0.001" /><testcase classname="tests.test_schema_lock" name="test_gps_matches_known_track[5ZBWTZ]" time="0.001" /><testcase classname="tests.test_schema_lock" name="test_steering_is_radians[RH11X7]" time="0.000" /><testcase classname="tests.test_schema_lock" name="test_steering_is_radians[HKWPXX]" time="0.000" /><testcase classname="tests.test_schema_lock" name="test_steering_is_radians[W5JRZB]" time="0.000" /><testcase classname="tests.test_schema_lock" name="test_steering_is_radians[K56YRV]" time="0.000" /><testcase classname="tests.test_schema_lock" name="test_steering_is_radians[VHC6M4]" time="0.000" /><testcase classname="tests.test_schema_lock" name="test_steering_is_radians[WC6PRT]" time="0.000" /><testcase classname="tests.test_schema_lock" name="test_steering_is_radians[WN30FK]" time="0.000" /><testcase classname="tests.test_schema_lock" name="test_steering_is_radians[5HAH7B]" time="0.000" /><testcase classname="tests.test_schema_lock" name="test_steering_is_radians[ZE3WQQ]" time="0.000" /><testcase classname="tests.test_schema_lock" name="test_steering_is_radians[B3M5ZW]" time="0.000" /><testcase classname="tests.test_schema_lock" name="test_steering_is_radians[59384F]" time="0.000" /><testcase classname="tests.test_schema_lock" name="test_steering_is_radians[5ZBWTZ]" time="0.000" /><testcase classname="tests.test_schema_lock" name="test_abs_drs_are_string_booleans[RH11X7]" time="0.000" /><testcase classname="tests.test_schema_lock" name="test_abs_drs_are_string_booleans[HKWPXX]" time="0.000" /><testcase classname="tests.test_schema_lock" name="test_abs_drs_are_string_booleans[W5JRZB]" time="0.000" /><testcase classname="tests.test_schema_lock" name="test_abs_drs_are_string_booleans[K56YRV]" time="0.000" /><testcase classname="tests.test_schema_lock" name="test_abs_drs_are_string_booleans[VHC6M4]" time="0.000" /><testcase classname="tests.test_schema_lock" name="test_abs_drs_are_string_booleans[WC6PRT]" time="0.000" /><testcase classname="tests.test_schema_lock" name="test_abs_drs_are_string_booleans[WN30FK]" time="0.000" /><testcase classname="tests.test_schema_lock" name="test_abs_drs_are_string_booleans[5HAH7B]" time="0.000" /><testcase classname="tests.test_schema_lock" name="test_abs_drs_are_string_booleans[ZE3WQQ]" time="0.000" /><testcase classname="tests.test_schema_lock" name="test_abs_drs_are_string_booleans[B3M5ZW]" time="0.000" /><testcase classname="tests.test_schema_lock" name="test_abs_drs_are_string_booleans[59384F]" time="0.000" /><testcase classname="tests.test_schema_lock" name="test_abs_drs_are_string_booleans[5ZBWTZ]" time="0.000" /><testcase classname="tests.test_schema_lock" name="test_dirty_data_counts_locked[RH11X7]" time="0.000" /><testcase classname="tests.test_schema_lock" name="test_dirty_data_counts_locked[HKWPXX]" time="0.000" /><testcase classname="tests.test_schema_lock" name="test_dirty_data_counts_locked[W5JRZB]" time="0.000" /><testcase classname="tests.test_schema_lock" name="test_dirty_data_counts_locked[K56YRV]" time="0.000" /><testcase classname="tests.test_schema_lock" name="test_dirty_data_counts_locked[VHC6M4]" time="0.000" /><testcase classname="tests.test_schema_lock" name="test_dirty_data_counts_locked[WC6PRT]" time="0.001" /><testcase classname="tests.test_schema_lock" name="test_dirty_data_counts_locked[WN30FK]" time="0.000" /><testcase classname="tests.test_schema_lock" name="test_dirty_data_counts_locked[5HAH7B]" time="0.000" /><testcase classname="tests.test_schema_lock" name="test_dirty_data_counts_locked[ZE3WQQ]" time="0.000" /><testcase classname="tests.test_schema_lock" name="test_dirty_data_counts_locked[B3M5ZW]" time="0.000" /><testcase classname="tests.test_schema_lock" name="test_dirty_data_counts_locked[59384F]" time="0.001" /><testcase classname="tests.test_schema_lock" name="test_dirty_data_counts_locked[5ZBWTZ]" time="0.000" /><testcase classname="tests.test_schema_lock" name="test_clutch_pinned_uninformative[RH11X7]" time="0.000" /><testcase classname="tests.test_schema_lock" name="test_clutch_pinned_uninformative[HKWPXX]" time="0.000" /><testcase classname="tests.test_schema_lock" name="test_clutch_pinned_uninformative[W5JRZB]" time="0.000" /><testcase classname="tests.test_schema_lock" name="test_clutch_pinned_uninformative[K56YRV]" time="0.000" /><testcase classname="tests.test_schema_lock" name="test_clutch_pinned_uninformative[VHC6M4]" time="0.000" /><testcase classname="tests.test_schema_lock" name="test_clutch_pinned_uninformative[WC6PRT]" time="0.000" /><testcase classname="tests.test_schema_lock" name="test_clutch_pinned_uninformative[WN30FK]" time="0.000" /><testcase classname="tests.test_schema_lock" name="test_clutch_pinned_uninformative[5HAH7B]" time="0.000" /><testcase classname="tests.test_schema_lock" name="test_clutch_pinned_uninformative[ZE3WQQ]" time="0.000" /><testcase classname="tests.test_schema_lock" name="test_clutch_pinned_uninformative[B3M5ZW]" time="0.000" /><testcase classname="tests.test_schema_lock" name="test_clutch_pinned_uninformative[59384F]" time="0.000" /><testcase classname="tests.test_schema_lock" name="test_clutch_pinned_uninformative[5ZBWTZ]" time="0.000" /><testcase classname="tests.test_schema_lock" name="test_position_type_small_enum[RH11X7]" time="0.000" /><testcase classname="tests.test_schema_lock" name="test_position_type_small_enum[HKWPXX]" time="0.000" /><testcase classname="tests.test_schema_lock" name="test_position_type_small_enum[W5JRZB]" time="0.000" /><testcase classname="tests.test_schema_lock" name="test_position_type_small_enum[K56YRV]" time="0.000" /><testcase classname="tests.test_schema_lock" name="test_position_type_small_enum[VHC6M4]" time="0.000" /><testcase classname="tests.test_schema_lock" name="test_position_type_small_enum[WC6PRT]" time="0.000" /><testcase classname="tests.test_schema_lock" name="test_position_type_small_enum[WN30FK]" time="0.000" /><testcase classname="tests.test_schema_lock" name="test_position_type_small_enum[5HAH7B]" time="0.000" /><testcase classname="tests.test_schema_lock" name="test_position_type_small_enum[ZE3WQQ]" time="0.000" /><testcase classname="tests.test_schema_lock" name="test_position_type_small_enum[B3M5ZW]" time="0.000" /><testcase classname="tests.test_schema_lock" name="test_position_type_small_enum[59384F]" time="0.000" /><testcase classname="tests.test_schema_lock" name="test_position_type_small_enum[5ZBWTZ]" time="0.000" /><testcase classname="tests.test_scoring" name="test_weighted_score_all_three_available" time="0.001" /><testcase classname="tests.test_scoring" name="test_weighted_score_redistributes_missing_component" time="0.000" /><testcase classname="tests.test_scoring" name="test_weighted_score_single_available_component_takes_it_whole" time="0.000" /><testcase classname="tests.test_scoring" name="test_weighted_score_none_available_returns_none" time="0.000" /><testcase classname="tests.test_scoring" name="test_consistency_per_unit_normalization_prevents_high_cv_unit_from_dominating" time="0.001" /><testcase classname="tests.test_scoring" name="test_consistency_unit_with_many_samples_does_not_outweigh_a_thin_one" time="0.000" /><testcase classname="tests.test_scoring" name="test_no_signal_fundamental_never_scores" time="0.006" /><testcase classname="tests.test_scoring" name="test_no_signal_fundamental_never_scores_even_with_unrelated_data" time="0.071" /><testcase classname="tests.test_scoring" name="test_insufficient_evidence_below_floor" time="0.031" /><testcase classname="tests.test_scoring" name="test_insufficient_evidence_with_no_laps_at_all" time="0.007" /><testcase classname="tests.test_scoring" name="test_rotation_scores_with_real_evidence" time="0.134" /><testcase classname="tests.test_scoring" name="test_compute_belief_is_deterministic" time="0.135" /><testcase classname="tests.test_scoring" name="test_compute_all_beliefs_covers_every_fundamental" time="0.139" /><testcase classname="tests.test_scoring" name="test_vehicle_management_insufficient_when_abs_never_varies" time="0.045" /><testcase classname="tests.test_scoring" name="test_braking_full_three_component_score" time="0.044" /><testcase classname="tests.test_scoring" name="test_commitment_confidence_is_capped_as_proxy" time="0.044" /><testcase classname="tests.test_scoring" name="test_store_all_beliefs_persists_every_fundamental" time="0.141" /><testcase classname="tests.test_scoring" name="test_trend_improving_when_recent_laps_are_more_repeatable" time="0.072" /><testcase classname="tests.test_scoring" name="test_trend_declining_when_recent_laps_are_less_repeatable" time="0.075" /><testcase classname="tests.test_scoring" name="test_trend_stable_when_both_buckets_match" time="0.077" /><testcase classname="tests.test_scoring" name="test_trend_unavailable_without_dates" time="0.070" /><testcase classname="tests.test_scoring" name="test_trend_unavailable_below_min_dated_laps" time="0.045" /><testcase classname="tests.test_scoring" name="test_trend_ignores_undated_laps_in_bucketing" time="0.073" /><testcase classname="tests.test_scoring" name="test_trend_is_deterministic" time="0.072" /><testcase classname="tests.test_segmenter" name="test_single_corner_all_landmarks" time="0.002" /><testcase classname="tests.test_segmenter" name="test_steering_only_corner_has_no_brake_landmarks" time="0.001" /><testcase classname="tests.test_segmenter" name="test_double_apex_complex_is_one_corner_with_two_apexes" time="0.001" /><testcase classname="tests.test_segmenter" name="test_nearby_activity_merges_into_one_corner" time="0.001" /><testcase classname="tests.test_segmenter" name="test_distant_activity_stays_two_corners" time="0.001" /><testcase classname="tests.test_segmenter" name="test_gear0_spans_are_excluded" time="0.001" /><testcase classname="tests.test_segmenter" name="test_short_blip_is_dropped" time="0.001" /><testcase classname="tests.test_segmenter" name="test_fixture_corner_count_pinned[Garage_61_HKWPXX.csv]" time="0.050" /><testcase classname="tests.test_segmenter" name="test_fixture_corner_count_pinned[Garage_61_RH11X7.csv]" time="0.035" /><testcase classname="tests.test_segmenter" name="test_fixture_landmark_invariants[Garage_61_HKWPXX.csv]" time="0.052" /><testcase classname="tests.test_segmenter" name="test_fixture_landmark_invariants[Garage_61_RH11X7.csv]" time="0.037" /><testcase classname="tests.test_segmenter" name="test_fixture_slowest_corner_pinned[Garage_61_HKWPXX.csv]" time="0.049" /><testcase classname="tests.test_segmenter" name="test_fixture_slowest_corner_pinned[Garage_61_RH11X7.csv]" time="0.030" /><testcase classname="tests.test_segmenter" name="test_spa_bus_stop_is_multi_apex" time="0.051" /><testcase classname="tests.test_segmenter" name="test_segmentation_is_deterministic[Garage_61_HKWPXX.csv]" time="0.053" /><testcase classname="tests.test_segmenter" name="test_segmentation_is_deterministic[Garage_61_RH11X7.csv]" time="0.032" /><testcase classname="tests.test_smoke" name="test_package_has_version" time="0.000" /><testcase classname="tests.test_smoke" name="test_cli_version_command" time="0.003" /><testcase classname="tests.test_store_copy" name="test_copy_preserves_contents_between_sqlite_stores" time="0.509" /><testcase classname="tests.test_store_copy" name="test_copy_preserves_primary_keys" time="0.453" /><testcase classname="tests.test_store_copy" name="test_copy_refuses_a_non_empty_target" time="0.650" /><testcase classname="tests.test_store_copy" name="test_checksum_notices_a_single_changed_value" time="0.564" /><testcase classname="tests.test_store_copy" name="test_checksum_distinguishes_float_precision" time="0.267" /><testcase classname="tests.test_store_copy" name="test_incident_sample_indices_are_stored_as_integers" time="0.176" /><testcase classname="tests.test_store_copy" name="test_copy_sqlite_to_postgres_is_faithful" time="0.000"><skipped type="pytest.skip" message="no local Postgres configured (set DRIVERDNA_TEST_DATABASE_URL)">C:\Users\benja\driverdna\tests\test_store_copy.py:139: no local Postgres configured (set DRIVERDNA_TEST_DATABASE_URL)</skipped></testcase><testcase classname="tests.test_store_copy" name="test_identity_sequences_are_reset_after_copy" time="0.000"><skipped type="pytest.skip" message="no local Postgres configured (set DRIVERDNA_TEST_DATABASE_URL)">C:\Users\benja\driverdna\tests\test_store_copy.py:156: no local Postgres configured (set DRIVERDNA_TEST_DATABASE_URL)</skipped></testcase><testcase classname="tests.test_store_copy" name="test_round_trip_back_to_sqlite" time="0.000"><skipped type="pytest.skip" message="no local Postgres configured (set DRIVERDNA_TEST_DATABASE_URL)">C:\Users\benja\driverdna\tests\test_store_copy.py:177: no local Postgres configured (set DRIVERDNA_TEST_DATABASE_URL)</skipped></testcase><testcase classname="tests.test_sync_cli" name="test_sync_cli_requires_token" time="2.113" /><testcase classname="tests.test_sync_cli" name="test_validate_after_normalises_to_rfc3339[2026-07-01-2026-07-01T00:00:00Z]" time="0.001" /><testcase classname="tests.test_sync_cli" name="test_validate_after_normalises_to_rfc3339[2026-07-01T10:30:00-2026-07-01T10:30:00Z]" time="0.000" /><testcase classname="tests.test_sync_cli" name="test_validate_after_normalises_to_rfc3339[2026-07-01T10:30:00Z-2026-07-01T10:30:00Z]" time="0.000" /><testcase classname="tests.test_sync_cli" name="test_validate_after_normalises_to_rfc3339[2026-07-01T12:30:00+02:00-2026-07-01T12:30:00+02:00]" time="0.000" /><testcase classname="tests.test_sync_cli" name="test_sync_cli_rejects_a_malformed_after_date[yesterday]" time="0.005" /><testcase classname="tests.test_sync_cli" name="test_sync_cli_rejects_a_malformed_after_date[2026-13-01]" time="0.006" /><testcase classname="tests.test_sync_cli" name="test_sync_cli_rejects_a_malformed_after_date[07/01/2026]" time="0.006" /><testcase classname="tests.test_sync_cli" name="test_sync_cli_rejects_a_malformed_after_date[]" time="0.005" /><testcase classname="tests.test_taxonomy" name="test_every_metric_maps_to_at_least_one_technique" time="0.000" /><testcase classname="tests.test_taxonomy" name="test_every_technique_metric_is_real" time="0.000" /><testcase classname="tests.test_taxonomy" name="test_every_detector_maps_to_a_technique" time="0.000" /><testcase classname="tests.test_taxonomy" name="test_every_technique_detector_is_real" time="0.000" /><testcase classname="tests.test_taxonomy" name="test_every_technique_belongs_to_a_declared_fundamental" time="0.000" /><testcase classname="tests.test_taxonomy" name="test_fundamental_techniques_reference_back_correctly" time="0.000" /><testcase classname="tests.test_taxonomy" name="test_no_signal_techniques_carry_no_metrics_or_detectors" time="0.000" /><testcase classname="tests.test_taxonomy" name="test_vision_and_tire_signal_status_match_unavailable_fundamentals" time="0.000" /><testcase classname="tests.test_taxonomy" name="test_vehicle_management_is_proxy_not_measured_or_no_signal" time="0.000" /><testcase classname="tests.test_taxonomy" name="test_commitment_is_proxy" time="0.000" /><testcase classname="tests.test_taxonomy" name="test_fully_measured_fundamentals" time="0.000" /><testcase classname="tests.test_taxonomy" name="test_metric_fundamentals_lookup" time="0.000" /><testcase classname="tests.test_taxonomy" name="test_detector_fundamentals_lookup" time="0.000" /><testcase classname="tests.test_taxonomy" name="test_fundamental_metrics_and_detectors_helpers" time="0.000" /><testcase classname="tests.test_taxonomy" name="test_fundamental_techniques_helper_returns_technique_objects" time="0.000" /><testcase classname="tests.test_ui_static" name="test_built_spa_is_present" time="0.001" /><testcase classname="tests.test_ui_static" name="test_index_references_only_local_assets" time="0.001" /><testcase classname="tests.test_ui_static" name="test_bundle_makes_no_external_requests" time="0.001" /><testcase classname="tests.test_ui_static" name="test_css_has_no_external_imports" time="0.001" /><testcase classname="tests.test_upload_api" name="test_upload_creates_a_fresh_db_and_imports" time="0.357" /><testcase classname="tests.test_upload_api" name="test_reupload_same_file_is_a_reported_duplicate_not_double_counted" time="0.443" /><testcase classname="tests.test_upload_api" name="test_malformed_date_rejected_nothing_imported" time="0.029" /><testcase classname="tests.test_upload_api" name="test_valid_date_and_session_are_applied" time="0.349" /><testcase classname="tests.test_upload_api" name="test_invalid_role_rejected" time="0.035" /><testcase classname="tests.test_upload_api" name="test_reference_role_is_isolated_like_the_cli_path" time="0.325" /><testcase classname="tests.test_upload_api" name="test_multi_file_upload_in_one_request" time="0.520" /><testcase classname="tests.test_upload_api" name="test_upload_without_car_track_auto_detects_from_new_filename_format" time="0.365" /><testcase classname="tests.test_upload_api" name="test_upload_unresolvable_filename_without_car_track_rejected_nothing_imported" time="0.031" /><testcase classname="tests.test_upload_api" name="test_upload_without_car_track_auto_detects_from_hyphen_filename_shape" time="0.371" /><testcase classname="tests.test_upload_api" name="test_both_filename_shapes_land_in_one_cohort" time="0.516" /><testcase classname="tests.test_upload_api" name="test_upload_with_only_car_applies_it_and_auto_detects_track" time="0.359" /><testcase classname="tests.test_upload_api" name="test_upload_with_only_car_and_an_undetectable_filename_names_the_missing_field" time="0.029" /><testcase classname="tests.test_upload_api" name="test_explicit_car_track_overrides_filename_for_every_file" time="0.371" /><testcase classname="tests.test_upload_api" name="test_db_effects_identical_to_cli_import" time="0.714" /><testcase classname="tests.test_upload_ui" name="test_cold_start_shows_direction_not_a_raw_cli_error" time="0.000"><skipped type="pytest.skip" message="Chromium binary or built SPA not present">C:\Users\benja\driverdna\tests\test_upload_ui.py:77: Chromium binary or built SPA not present</skipped></testcase><testcase classname="tests.test_upload_ui" name="test_upload_flow_end_to_end_through_the_real_browser" time="0.000"><skipped type="pytest.skip" message="Chromium binary or built SPA not present">C:\Users\benja\driverdna\tests\test_upload_ui.py:90: Chromium binary or built SPA not present</skipped></testcase><testcase classname="tests.test_upload_ui" name="test_auto_detect_flow_with_blank_car_track_through_the_real_browser" time="0.000"><skipped type="pytest.skip" message="Chromium binary or built SPA not present">C:\Users\benja\driverdna\tests\test_upload_ui.py:128: Chromium binary or built SPA not present</skipped></testcase><testcase classname="tests.test_upload_ui" name="test_duplicate_reupload_reported_not_double_counted" time="0.000"><skipped type="pytest.skip" message="Chromium binary or built SPA not present">C:\Users\benja\driverdna\tests\test_upload_ui.py:161: Chromium binary or built SPA not present</skipped></testcase></testsuite></testsuites>